#
# A fatal error has been detected by the Java Runtime Environment:
#
#  EXCEPTION_ACCESS_VIOLATION (0xc0000005) at pc=0x000007fed5a21355, pid=26700, tid=18848
#
# JRE version: 7.0_17-b02
# Java VM: Java HotSpot(TM) 64-Bit Server VM (23.7-b01 mixed mode windows-amd64 compressed oops)
# Problematic frame:
# C  [msvcrt.dll+0x1355]  free_dbg+0x5
#
# Failed to write core dump. Minidumps are not enabled by default on client versions of Windows
#
# If you would like to submit a bug report, please visit:
#   http://bugreport.sun.com/bugreport/crash.jsp
# The crash happened outside the Java Virtual Machine in native code.
# See problematic frame for where to report the bug.
#

---------------  T H R E A D  ---------------

Current thread (0x000000002afb2000):  JavaThread "Swing-Shell" daemon [_thread_in_native, id=18848, stack(0x0000000033180000,0x0000000033480000)]

siginfo: ExceptionCode=0xc0000005, reading address 0x00000000000000c5

Registers:
RAX=0x00000000000000c5, RBX=0x000007fed4577f20, RCX=0x00000000002c47bc, RDX=0x000007fed42b7fc4
RSP=0x000000003347c258, RBP=0x000000003347c360, RSI=0x0000000080040111, RDI=0x0000000000000000
R8 =0x0000000000000010, R9 =0x0000000000000000, R10=0x00000000002c47bc, R11=0x000007fed3be15f8
R12=0x000007fed4577f10, R13=0x000000003347c828, R14=0x00000000002c47bc, R15=0x0000000000000000
RIP=0x000007fed5a21355, EFLAGS=0x0000000000010293

Top of Stack: (sp=0x000000003347c258)
0x000000003347c258:   000007fed45128f6 0000000000000002
0x000000003347c268:   000000003347c3b8 0000000000000900
0x000000003347c278:   000000003347c3b8 000000000000004e
0x000000003347c288:   000000003347c420 0000000100000000
0x000000003347c298:   000007fed458bec8 0000000000000401
0x000000003347c2a8:   0000000000000000 0000000000000000
0x000000003347c2b8:   000000003347c340 004600460044007b
0x000000003347c2c8:   0043004400430041 00370036002d0035
0x000000003347c2d8:   0034002d00460039 002d003600350031
0x000000003347c2e8:   0037003400390038 004300350043002d
0x000000003347c2f8:   0043004200360037 0037003600420030
0x000000003347c308:   00000000007d0046 00000000002b0000
0x000000003347c318:   000000003347c420 0000000000000000
0x000000003347c328:   000007fed4580948 0000000000000027
0x000000003347c338:   000007fed4533e64 0000000000000001
0x000000003347c348:   0000000000008000 fffffffffffffffe 

Instructions: (pc=0x000007fed5a21355)
0x000007fed5a21335:   3a 04 0a 75 1b 48 ff c1 49 ff c8 f6 c1 07 75 ee
0x000007fed5a21345:   eb 87 cc 90 90 90 90 90 90 90 90 48 b8 60 81 91
0x000007fed5a21355:   0a 00 00 00 00 ff e0 90 90 90 90 90 90 90 90 48
0x000007fed5a21365:   b8 60 73 91 0a 00 00 00 00 ff e0 83 ec 20 48 83 


Register to memory mapping:

RAX=0x00000000000000c5 is an unknown value
RBX=0x000007fed4577f20 is an unknown value
RCX=0x00000000002c47bc is an unknown value
RDX=0x000007fed42b7fc4 is an unknown value
RSP=0x000000003347c258 is pointing into the stack for thread: 0x000000002afb2000
RBP=0x000000003347c360 is pointing into the stack for thread: 0x000000002afb2000
RSI=0x0000000080040111 is an unknown value
RDI=0x0000000000000000 is an unknown value
R8 =0x0000000000000010 is an unknown value
R9 =0x0000000000000000 is an unknown value
R10=0x00000000002c47bc is an unknown value
R11=0x000007fed3be15f8 is an unknown value
R12=0x000007fed4577f10 is an unknown value
R13=0x000000003347c828 is pointing into the stack for thread: 0x000000002afb2000
R14=0x00000000002c47bc is an unknown value
R15=0x0000000000000000 is an unknown value


Stack: [0x0000000033180000,0x0000000033480000],  sp=0x000000003347c258,  free space=3056k
Native frames: (J=compiled Java code, j=interpreted, Vv=VM code, C=native code)
C  [msvcrt.dll+0x1355]  free_dbg+0x5

Java frames: (J=compiled Java code, j=interpreted, Vv=VM code)
j  sun.awt.shell.Win32ShellFolder2.getDisplayNameOf(JJI)Ljava/lang/String;+0
j  sun.awt.shell.Win32ShellFolder2.getFileSystemPath(JJ)Ljava/lang/String;+66
j  sun.awt.shell.Win32ShellFolder2.access$400(JJ)Ljava/lang/String;+2
j  sun.awt.shell.Win32ShellFolder2$10.call()Lsun/awt/shell/Win32ShellFolder2;+50
j  sun.awt.shell.Win32ShellFolder2$10.call()Ljava/lang/Object;+1
j  java.util.concurrent.FutureTask$Sync.innerRun()V+29
j  java.util.concurrent.FutureTask.run()V+4
j  java.util.concurrent.ThreadPoolExecutor.runWorker(Ljava/util/concurrent/ThreadPoolExecutor$Worker;)V+95
j  java.util.concurrent.ThreadPoolExecutor$Worker.run()V+5
j  sun.awt.shell.Win32ShellFolderManager2$ComInvoker$3.run()V+7
j  java.lang.Thread.run()V+11
v  ~StubRoutines::call_stub

---------------  P R O C E S S  ---------------

Java Threads: ( => current thread )
=>0x000000002afb2000 JavaThread "Swing-Shell" daemon [_thread_in_native, id=18848, stack(0x0000000033180000,0x0000000033480000)]
  0x000000002c5a7800 JavaThread "HFileChooser Load File/Folder Choosers Thread" [_thread_blocked, id=6792, stack(0x0000000033880000,0x0000000033b80000)]
  0x000000002c39d800 JavaThread "Monitor File Timestamp" [_thread_blocked, id=22500, stack(0x0000000033580000,0x0000000033880000)]
  0x000000002b36b800 JavaThread "Image Fetcher 0" daemon [_thread_blocked, id=29100, stack(0x000000002bf80000,0x000000002c280000)]
  0x0000000019f39800 JavaThread "AWT-EventQueue-1" [_thread_in_native, id=12756, stack(0x000000002bc80000,0x000000002bf80000)]
  0x0000000019f3a800 JavaThread "Process Messages" [_thread_blocked, id=16248, stack(0x000000002b980000,0x000000002bc80000)]
  0x0000000019f3c800 JavaThread "Thread-3" [_thread_blocked, id=9744, stack(0x0000000003d70000,0x0000000005170000)]
  0x0000000029cd0800 JavaThread "AWT-EventQueue-0" [_thread_blocked, id=4148, stack(0x000000002b680000,0x000000002b980000)]
  0x0000000029cd1800 JavaThread "AWT-Shutdown" [_thread_blocked, id=12016, stack(0x000000002b380000,0x000000002b680000)]
  0x00000000295cb000 JavaThread "AWT-Windows" daemon [_thread_in_native, id=23680, stack(0x0000000029e40000,0x000000002a140000)]
  0x00000000295cd800 JavaThread "Java2D Disposer" daemon [_thread_blocked, id=27396, stack(0x0000000029640000,0x0000000029940000)]
  0x0000000028a51000 JavaThread "TimerQueue" daemon [_thread_blocked, id=4420, stack(0x0000000029240000,0x0000000029540000)]
  0x0000000021481800 JavaThread "Service Thread" daemon [_thread_blocked, id=7500, stack(0x0000000027960000,0x0000000027c60000)]
  0x0000000021471800 JavaThread "C1 CompilerThread3" daemon [_thread_blocked, id=20728, stack(0x0000000027860000,0x0000000027960000)]
  0x0000000021461800 JavaThread "C2 CompilerThread2" daemon [_thread_blocked, id=21452, stack(0x0000000027760000,0x0000000027860000)]
  0x0000000020c11800 JavaThread "C2 CompilerThread1" daemon [_thread_blocked, id=29184, stack(0x0000000027660000,0x0000000027760000)]
  0x0000000020c01800 JavaThread "C2 CompilerThread0" daemon [_thread_blocked, id=23764, stack(0x0000000027560000,0x0000000027660000)]
  0x0000000020bf1800 JavaThread "Attach Listener" daemon [_thread_blocked, id=18340, stack(0x0000000027260000,0x0000000027560000)]
  0x0000000020be1800 JavaThread "Signal Dispatcher" daemon [_thread_blocked, id=19208, stack(0x0000000026f60000,0x0000000027260000)]
  0x00000000263c1800 JavaThread "Surrogate Locker Thread (Concurrent GC)" daemon [_thread_blocked, id=25312, stack(0x0000000026c60000,0x0000000026f60000)]
  0x00000000214e1800 JavaThread "Finalizer" daemon [_thread_blocked, id=20352, stack(0x0000000026860000,0x0000000026b60000)]
  0x00000000214e3800 JavaThread "Reference Handler" daemon [_thread_blocked, id=2744, stack(0x0000000026560000,0x0000000026860000)]
  0x0000000019f8b000 JavaThread "main" [_thread_blocked, id=18268, stack(0x000000001a080000,0x000000001a180000)]

Other Threads:
  0x00000000214a2000 VMThread [stack: 0x0000000026460000,0x0000000026560000] [id=4068]
  0x0000000021490800 WatcherThread [stack: 0x0000000027c60000,0x0000000027d60000] [id=7856]

VM state:not at safepoint (normal execution)

VM Mutex/Monitor currently owned by a thread: None

Heap
 par new generation   total 55296K, used 24168K [0x0000000778000000, 0x000000077bc00000, 0x000000077bc00000)
  eden space 49152K,  36% used [0x0000000778000000, 0x000000077919a030, 0x000000077b000000)
  from space 6144K, 100% used [0x000000077b000000, 0x000000077b600000, 0x000000077b600000)
  to   space 6144K,   0% used [0x000000077b600000, 0x000000077b600000, 0x000000077bc00000)
 concurrent mark-sweep generation total 69632K, used 10951K [0x000000077bc00000, 0x0000000780000000, 0x00000007f8000000)
 concurrent-mark-sweep perm gen total 131072K, used 26932K [0x00000007f8000000, 0x0000000800000000, 0x0000000800000000)

Card table byte_map: [0x0000000020c20000,0x0000000021070000] byte_map_base: 0x000000001d060000

Polling page: 0x000000001a180000

Code Cache  [0x000000001a1a0000, 0x000000001a7c0000, 0x00000000201a0000)
 total_blobs=2187 nmethods=1601 adapters=503 free_code_cache=92111Kb largest_free_block=94262656

Compilation events (10 events):
Event: 13.487 Thread 0x0000000021471800 1848       3       java.awt.Image::getAccelerationPriority (5 bytes)
Event: 13.487 Thread 0x0000000021471800 nmethod 1848 0x000000001a620bd0 code [0x000000001a620d20, 0x000000001a620eb0]
Event: 13.488 Thread 0x0000000021471800 1849   !   3       java.awt.color.ColorSpace::getInstance (305 bytes)
Event: 13.490 Thread 0x0000000021471800 nmethod 1849 0x000000001a669610 code [0x000000001a6698a0, 0x000000001a66ab08]
Event: 13.494 Thread 0x0000000021471800 1850       3       java.awt.Toolkit$ToolkitEventMulticaster::eventDispatched (27 bytes)
Event: 13.494 Thread 0x0000000021471800 nmethod 1850 0x000000001a65e3d0 code [0x000000001a65e560, 0x000000001a65ea98]
Event: 13.496 Thread 0x0000000021471800 1851   !   3       java.awt.Container::remove (243 bytes)
Event: 13.499 Thread 0x0000000021471800 nmethod 1851 0x000000001a76e590 code [0x000000001a76e8e0, 0x000000001a7704c8]
Event: 13.500 Thread 0x0000000021471800 1853   !   3       java.awt.EventQueue::isDispatchThreadImpl (71 bytes)
Event: 13.500 Thread 0x0000000021471800 nmethod 1853 0x000000001a668910 code [0x000000001a668ac0, 0x000000001a669008]

GC Heap History (4 events):
Event: 8.365 GC heap before
{Heap before GC invocations=0 (full 0):
 par new generation   total 55296K, used 49152K [0x0000000778000000, 0x000000077bc00000, 0x000000077bc00000)
  eden space 49152K, 100% used [0x0000000778000000, 0x000000077b000000, 0x000000077b000000)
  from space 6144K,   0% used [0x000000077b000000, 0x000000077b000000, 0x000000077b600000)
  to   space 6144K,   0% used [0x000000077b600000, 0x000000077b600000, 0x000000077bc00000)
 concurrent mark-sweep generation total 69632K, used 0K [0x000000077bc00000, 0x0000000780000000, 0x00000007f8000000)
 concurrent-mark-sweep perm gen total 131072K, used 12437K [0x00000007f8000000, 0x0000000800000000, 0x0000000800000000)
Event: 8.393 GC heap after
Heap after GC invocations=1 (full 0):
 par new generation   total 55296K, used 6144K [0x0000000778000000, 0x000000077bc00000, 0x000000077bc00000)
  eden space 49152K,   0% used [0x0000000778000000, 0x0000000778000000, 0x000000077b000000)
  from space 6144K, 100% used [0x000000077b600000, 0x000000077bc00000, 0x000000077bc00000)
  to   space 6144K,   0% used [0x000000077b000000, 0x000000077b000000, 0x000000077b600000)
 concurrent mark-sweep generation total 69632K, used 320K [0x000000077bc00000, 0x0000000780000000, 0x00000007f8000000)
 concurrent-mark-sweep perm gen total 131072K, used 12437K [0x00000007f8000000, 0x0000000800000000, 0x0000000800000000)
}
Event: 12.218 GC heap before
{Heap before GC invocations=1 (full 0):
 par new generation   total 55296K, used 55296K [0x0000000778000000, 0x000000077bc00000, 0x000000077bc00000)
  eden space 49152K, 100% used [0x0000000778000000, 0x000000077b000000, 0x000000077b000000)
  from space 6144K, 100% used [0x000000077b600000, 0x000000077bc00000, 0x000000077bc00000)
  to   space 6144K,   0% used [0x000000077b000000, 0x000000077b000000, 0x000000077b600000)
 concurrent mark-sweep generation total 69632K, used 320K [0x000000077bc00000, 0x0000000780000000, 0x00000007f8000000)
 concurrent-mark-sweep perm gen total 131072K, used 22856K [0x00000007f8000000, 0x0000000800000000, 0x0000000800000000)
Event: 12.245 GC heap after
Heap after GC invocations=2 (full 0):
 par new generation   total 55296K, used 6144K [0x0000000778000000, 0x000000077bc00000, 0x000000077bc00000)
  eden space 49152K,   0% used [0x0000000778000000, 0x0000000778000000, 0x000000077b000000)
  from space 6144K, 100% used [0x000000077b000000, 0x000000077b600000, 0x000000077b600000)
  to   space 6144K,   0% used [0x000000077b600000, 0x000000077b600000, 0x000000077bc00000)
 concurrent mark-sweep generation total 69632K, used 10951K [0x000000077bc00000, 0x0000000780000000, 0x00000007f8000000)
 concurrent-mark-sweep perm gen total 131072K, used 22856K [0x00000007f8000000, 0x0000000800000000, 0x0000000800000000)
}

Deoptimization events (10 events):
Event: 12.958 Thread 0x000000002c5a7800 Uncommon trap -58 fr.pc 0x000000001a5edd68
Event: 12.987 Thread 0x000000002c5a7800 Uncommon trap -58 fr.pc 0x000000001a5edd68
Event: 12.988 Thread 0x000000002c5a7800 Uncommon trap -58 fr.pc 0x000000001a5edd68
Event: 12.989 Thread 0x000000002c5a7800 Uncommon trap -58 fr.pc 0x000000001a5edd68
Event: 12.989 Thread 0x000000002c5a7800 Uncommon trap -58 fr.pc 0x000000001a5d5ed4
Event: 13.103 Thread 0x0000000019f39800 Uncommon trap -34 fr.pc 0x000000001a463cac
Event: 13.103 Thread 0x0000000019f39800 Uncommon trap -34 fr.pc 0x000000001a463cac
Event: 13.103 Thread 0x0000000019f39800 Uncommon trap -34 fr.pc 0x000000001a463cac
Event: 13.103 Thread 0x0000000019f39800 Uncommon trap -34 fr.pc 0x000000001a463cac
Event: 13.374 Thread 0x000000002c5a7800 Uncommon trap 668 fr.pc 0x000000001a6cb5d4

Internal exceptions (10 events):
Event: 13.426 Thread 0x0000000019f39800 Threw 0x0000000778e95c40 at C:\jdk7u2_64p\jdk7u17\hotspot\src\share\vm\prims\jvm.cpp:1166
Event: 13.435 Thread 0x0000000019f39800 Threw 0x0000000778eaca58 at C:\jdk7u2_64p\jdk7u17\hotspot\src\share\vm\prims\jvm.cpp:1166
Event: 13.491 Thread 0x0000000019f39800 Threw 0x0000000778ee58e0 at C:\jdk7u2_64p\jdk7u17\hotspot\src\share\vm\prims\jvm.cpp:1166
Event: 13.492 Thread 0x0000000019f39800 Threw 0x0000000778eea530 at C:\jdk7u2_64p\jdk7u17\hotspot\src\share\vm\prims\jvm.cpp:1166
Event: 13.502 Thread 0x0000000019f39800 Threw 0x0000000778f06e78 at C:\jdk7u2_64p\jdk7u17\hotspot\src\share\vm\prims\jvm.cpp:1166
Event: 13.503 Thread 0x0000000019f39800 Threw 0x0000000778f0ba98 at C:\jdk7u2_64p\jdk7u17\hotspot\src\share\vm\prims\jvm.cpp:1166
Event: 13.503 Thread 0x0000000019f39800 Threw 0x0000000778f0f428 at C:\jdk7u2_64p\jdk7u17\hotspot\src\share\vm\prims\jvm.cpp:1166
Event: 13.504 Thread 0x0000000019f39800 Threw 0x0000000778f12370 at C:\jdk7u2_64p\jdk7u17\hotspot\src\share\vm\prims\jvm.cpp:1166
Event: 13.504 Thread 0x0000000019f39800 Threw 0x0000000778f16ec0 at C:\jdk7u2_64p\jdk7u17\hotspot\src\share\vm\prims\jvm.cpp:1166
Event: 13.505 Thread 0x0000000019f39800 Threw 0x0000000778f19fd0 at C:\jdk7u2_64p\jdk7u17\hotspot\src\share\vm\prims\jvm.cpp:1166

Events (10 events):
Event: 13.503 loading class 0x0000000027f9daf0
Event: 13.503 loading class 0x0000000027f9daf0 done
Event: 13.503 loading class 0x0000000027f9f080
Event: 13.503 loading class 0x0000000027f9f080 done
Event: 13.504 loading class 0x0000000027f9db20
Event: 13.504 loading class 0x0000000027f9db20 done
Event: 13.504 loading class 0x000000002c5cd680
Event: 13.504 loading class 0x000000002c5cd680 done
Event: 13.505 loading class 0x000000002c5cd740
Event: 13.505 loading class 0x000000002c5cd740 done


Dynamic libraries:
0x0000000140000000 - 0x000000014000e000 	C:\Xilinx\14.6\ISE_DS\PlanAhead\bin\unwrapped\win64.o\planAhead.exe
0x000007fed6280000 - 0x000007fed6440000 	C:\Windows\SYSTEM32\ntdll.dll
0x000007fed4270000 - 0x000007fed43a6000 	C:\Windows\system32\KERNEL32.DLL
0x000007fed3200000 - 0x000007fed32f3000 	C:\Windows\system32\KERNELBASE.dll
0x000000000a900000 - 0x000000000a945000 	C:\Xilinx\14.6\ISE_DS\PlanAhead\lib\win64.o\SHSMP64.dll
0x0000000180000000 - 0x0000000180013000 	C:\Xilinx\14.6\ISE_DS\PlanAhead\lib\win64.o\libboost_signals.dll
0x0000000000330000 - 0x0000000000bb1000 	C:\Xilinx\14.6\ISE_DS\PlanAhead\lib\win64.o\librdi_common.dll
0x00000000001f0000 - 0x0000000000206000 	C:\Xilinx\14.6\ISE_DS\PlanAhead\lib\win64.o\librdi_commonmain.dll
0x0000000000bc0000 - 0x0000000000cae000 	C:\Xilinx\14.6\ISE_DS\PlanAhead\lib\win64.o\stlport.5.2.dll
0x000000006c2f0000 - 0x000000006c393000 	C:\Windows\WinSxS\amd64_microsoft.vc90.crt_1fc8b3b9a1e18e3b_9.0.30729.6871_none_08e717a5a83adddf\MSVCR90.dll
0x000007fed6010000 - 0x000007fed615c000 	C:\Windows\system32\USER32.dll
0x000007fed57f0000 - 0x000007fed58ce000 	C:\Windows\system32\ADVAPI32.dll
0x000007fecdbc0000 - 0x000007fecdbc9000 	C:\Windows\SYSTEM32\VERSION.dll
0x0000000000d20000 - 0x0000000001009000 	C:\Xilinx\14.6\ISE_DS\PlanAhead\lib\win64.o\libCOIN-all.dll
0x0000000001010000 - 0x00000000011c5000 	C:\Xilinx\14.6\ISE_DS\PlanAhead\lib\win64.o\libSecurity.dll
0x0000000000220000 - 0x000000000022f000 	C:\Xilinx\14.6\ISE_DS\PlanAhead\lib\win64.o\libboost_date_time.dll
0x00000000011d0000 - 0x00000000011f7000 	C:\Xilinx\14.6\ISE_DS\PlanAhead\lib\win64.o\libboost_filesystem.dll
0x0000000001200000 - 0x0000000001271000 	C:\Xilinx\14.6\ISE_DS\PlanAhead\lib\win64.o\libboost_program_options.dll
0x0000000001280000 - 0x000000000132f000 	C:\Xilinx\14.6\ISE_DS\PlanAhead\lib\win64.o\libboost_regex.dll
0x0000000001330000 - 0x0000000001339000 	C:\Xilinx\14.6\ISE_DS\PlanAhead\lib\win64.o\libboost_system.dll
0x0000000001340000 - 0x0000000001356000 	C:\Xilinx\14.6\ISE_DS\PlanAhead\lib\win64.o\libboost_thread.dll
0x0000000001360000 - 0x00000000013a3000 	C:\Xilinx\14.6\ISE_DS\PlanAhead\lib\win64.o\libcurl.dll
0x00000000013b0000 - 0x0000000001433000 	C:\Xilinx\14.6\ISE_DS\PlanAhead\lib\win64.o\libhdlpsolve.dll
0x0000000001440000 - 0x00000000014f7000 	C:\Xilinx\14.6\ISE_DS\PlanAhead\lib\win64.o\libhdxml.dll
0x0000000001500000 - 0x0000000001a430d3 	C:\Xilinx\14.6\ISE_DS\PlanAhead\lib\win64.o\libisl_iostreams.dll
0x0000000001a50000 - 0x0000000001a79000 	C:\Xilinx\14.6\ISE_DS\PlanAhead\lib\win64.o\libisl_sysinfo.dll
0x000000006b440000 - 0x000000006bb5f000 	C:\Xilinx\14.6\ISE_DS\PlanAhead\tps\win64\jre\bin\server\jvm.dll
0x0000000001a80000 - 0x0000000001a92000 	C:\Xilinx\14.6\ISE_DS\PlanAhead\lib\win64.o\pthreadVC.dll
0x0000000001aa0000 - 0x0000000001ab6000 	C:\Xilinx\14.6\ISE_DS\PlanAhead\lib\win64.o\librdiconfig.dll
0x0000000001ac0000 - 0x0000000001ade000 	C:\Xilinx\14.6\ISE_DS\PlanAhead\lib\win64.o\librdizlib.dll
0x0000000010000000 - 0x000000001012a000 	C:\Xilinx\14.6\ISE_DS\PlanAhead\lib\win64.o\tcl85t.dll
0x0000000012000000 - 0x0000000012282000 	C:\Xilinx\14.6\ISE_DS\PlanAhead\lib\win64.o\xerces-c_3_1.dll
0x000007fed3710000 - 0x000007fed3717000 	C:\Windows\system32\PSAPI.DLL
0x000007fed3cc0000 - 0x000007fed3eed000 	C:\Windows\system32\WININET.dll
0x000007fecc070000 - 0x000007fecc121000 	C:\Windows\SYSTEM32\WINHTTP.dll
0x000007fed43b0000 - 0x000007fed4509000 	C:\Windows\system32\urlmon.dll
0x000007fecbc20000 - 0x000007fecbc29000 	C:\Windows\SYSTEM32\WSOCK32.dll
0x000000006c3a0000 - 0x000000006c473000 	C:\Windows\WinSxS\amd64_microsoft.vc90.crt_1fc8b3b9a1e18e3b_9.0.30729.6871_none_08e717a5a83adddf\MSVCP90.dll
0x000007fed4510000 - 0x000007fed57f0000 	C:\Windows\system32\SHELL32.dll
0x000007fed5ba0000 - 0x000007fed5ce1000 	C:\Windows\system32\GDI32.dll
0x000007fed5a20000 - 0x000007fed5ac5000 	C:\Windows\system32\msvcrt.dll
0x000007fed3740000 - 0x000007fed3788000 	C:\Windows\SYSTEM32\sechost.dll
0x000007fed58d0000 - 0x000007fed5a15000 	C:\Windows\system32\RPCRT4.dll
0x000007fed1b00000 - 0x000007fed1b15000 	C:\Windows\SYSTEM32\NETAPI32.dll
0x000007fed3790000 - 0x000007fed3831000 	C:\Windows\system32\COMDLG32.dll
0x000007fecece0000 - 0x000007feced84000 	C:\Windows\WinSxS\amd64_microsoft.windows.common-controls_6595b64144ccf1df_5.82.9200.16658_none_776622cb3175a40c\COMCTL32.dll
0x0000000001b80000 - 0x0000000001b8c000 	C:\Xilinx\14.6\ISE_DS\PlanAhead\lib\win64.o\libboost_chrono.dll
0x000007fed3670000 - 0x000007fed36c8000 	C:\Windows\system32\WS2_32.dll
0x000007fed5fb0000 - 0x000007fed600e000 	C:\Windows\system32\WLDAP32.dll
0x0000000001bc0000 - 0x0000000001bd9000 	C:\Xilinx\14.6\ISE_DS\PlanAhead\lib\win64.o\libboost_iostreams.dll
0x000007fecc660000 - 0x000007fecc680000 	C:\Windows\SYSTEM32\WINMM.dll
0x000000006cef0000 - 0x000000006cfc2000 	C:\Windows\SYSTEM32\MSVCR100.dll
0x000007fed5d20000 - 0x000007fed5fac000 	C:\Windows\system32\iertutil.dll
0x000007fed40c0000 - 0x000007fed4270000 	C:\Windows\SYSTEM32\combase.dll
0x000007fed3a50000 - 0x000007fed3bce000 	C:\Windows\system32\ole32.dll
0x000007fed3bd0000 - 0x000007fed3c20000 	C:\Windows\system32\SHLWAPI.dll
0x000007fed2440000 - 0x000007fed244e000 	C:\Windows\SYSTEM32\netutils.dll
0x000007fed2b90000 - 0x000007fed2bb4000 	C:\Windows\SYSTEM32\srvcli.dll
0x000007fed1ac0000 - 0x000007fed1ad5000 	C:\Windows\SYSTEM32\wkscli.dll
0x000007fed3720000 - 0x000007fed3729000 	C:\Windows\system32\NSI.dll
0x000007fecc620000 - 0x000007fecc653000 	C:\Windows\SYSTEM32\WINMMBASE.dll
0x000007fed33b0000 - 0x000007fed33ff000 	C:\Windows\SYSTEM32\cfgmgr32.dll
0x000007fed35e0000 - 0x000007fed3602000 	C:\Windows\system32\DEVOBJ.dll
0x000007fed0de0000 - 0x000007fed0e76000 	C:\Windows\SYSTEM32\SHCORE.DLL
0x000007fed36d0000 - 0x000007fed3709000 	C:\Windows\system32\IMM32.DLL
0x000007fed6160000 - 0x000007fed6276000 	C:\Windows\system32\MSCTF.dll
0x0000000005170000 - 0x0000000005463000 	C:\Xilinx\14.6\ISE_DS\PlanAhead\lib\win64.o\librdi_commontasks.dll
0x0000000005d70000 - 0x00000000063b0000 	C:\Xilinx\14.6\ISE_DS\PlanAhead\lib\win64.o\librdi_coretasks.dll
0x00000000063b0000 - 0x0000000006577000 	C:\Xilinx\14.6\ISE_DS\PlanAhead\lib\win64.o\librdi_chipscope.dll
0x0000000006580000 - 0x00000000075a0000 	C:\Xilinx\14.6\ISE_DS\PlanAhead\lib\win64.o\librdi_constraints.dll
0x00000000075a0000 - 0x000000000886c000 	C:\Xilinx\14.6\ISE_DS\PlanAhead\lib\win64.o\librdi_coregen.dll
0x000000000a950000 - 0x000000000dfa1000 	C:\Xilinx\14.6\ISE_DS\PlanAhead\lib\win64.o\librdi_designutils.dll
0x0000000008870000 - 0x000000000944a000 	C:\Xilinx\14.6\ISE_DS\PlanAhead\lib\win64.o\librdi_device.dll
0x0000000009450000 - 0x0000000009764000 	C:\Xilinx\14.6\ISE_DS\PlanAhead\lib\win64.o\librdi_drc.dll
0x0000000009770000 - 0x00000000099fe000 	C:\Xilinx\14.6\ISE_DS\PlanAhead\lib\win64.o\librdi_filemgmt.dll
0x0000000009a00000 - 0x0000000009dd6000 	C:\Xilinx\14.6\ISE_DS\PlanAhead\lib\win64.o\librdi_netlist.dll
0x000000000dfb0000 - 0x000000000f0d3000 	C:\Xilinx\14.6\ISE_DS\PlanAhead\lib\win64.o\librdi_place.dll
0x0000000009de0000 - 0x000000000a302000 	C:\Xilinx\14.6\ISE_DS\PlanAhead\lib\win64.o\librdi_power.dll
0x000000000a310000 - 0x000000000a6c3000 	C:\Xilinx\14.6\ISE_DS\PlanAhead\lib\win64.o\librdi_project.dll
0x000000000f0e0000 - 0x000000000f67d000 	C:\Xilinx\14.6\ISE_DS\PlanAhead\lib\win64.o\librdi_rsb.dll
0x000000000f680000 - 0x000000000fa78000 	C:\Xilinx\14.6\ISE_DS\PlanAhead\lib\win64.o\librdi_runs.dll
0x0000000010130000 - 0x0000000010c08000 	C:\Xilinx\14.6\ISE_DS\PlanAhead\lib\win64.o\librdi_timing.dll
0x00000000037b0000 - 0x000000000381e000 	C:\Xilinx\14.6\ISE_DS\PlanAhead\lib\win64.o\liblmx6.0.dll
0x0000000003670000 - 0x0000000003678000 	C:\Xilinx\14.6\ISE_DS\PlanAhead\lib\win64.o\libpsta_dllwrapper.dll
0x0000000010c10000 - 0x00000000113df000 	C:\Xilinx\14.6\ISE_DS\PlanAhead\lib\win64.o\librdi_coregenipxact.dll
0x00000000113e0000 - 0x0000000011b80000 	C:\Xilinx\14.6\ISE_DS\PlanAhead\lib\win64.o\libverific.dll
0x000000000a6d0000 - 0x000000000a74d000 	C:\Xilinx\14.6\ISE_DS\PlanAhead\lib\win64.o\libboost_serialization.dll
0x000000000fa80000 - 0x000000000ffc4000 	C:\Xilinx\14.6\ISE_DS\PlanAhead\lib\win64.o\librdi_xdm.dll
0x000000000a750000 - 0x000000000a7e0000 	C:\Xilinx\14.6\ISE_DS\PlanAhead\lib\win64.o\libise.dll
0x0000000012290000 - 0x000000001286c000 	C:\Xilinx\14.6\ISE_DS\PlanAhead\lib\win64.o\librdi_abc_nomp.dll
0x0000000011b80000 - 0x0000000011ca8000 	C:\Xilinx\14.6\ISE_DS\PlanAhead\lib\win64.o\librdi_dlyest.dll
0x0000000003860000 - 0x000000000387a000 	C:\Xilinx\14.6\ISE_DS\PlanAhead\lib\win64.o\librdi_hmetis.dll
0x000000006c600000 - 0x000000006c611000 	C:\Windows\WinSxS\amd64_microsoft.vc90.openmp_1fc8b3b9a1e18e3b_9.0.30729.6161_none_390d35aa0a1f21f9\VCOMP90.DLL
0x0000000012870000 - 0x0000000012e5e000 	C:\Xilinx\14.6\ISE_DS\PlanAhead\lib\win64.o\librdi_route.dll
0x0000000011cb0000 - 0x0000000011eda000 	C:\Xilinx\14.6\ISE_DS\PlanAhead\lib\win64.o\librdi_labtools.dll
0x0000000012e60000 - 0x000000001339b000 	C:\Xilinx\14.6\ISE_DS\PlanAhead\lib\win64.o\librdi_memdata.dll
0x00000000133a0000 - 0x0000000014acf000 	C:\Xilinx\14.6\ISE_DS\PlanAhead\lib\win64.o\librdi_synth.dll
0x0000000014ad0000 - 0x0000000014f0e000 	C:\Xilinx\14.6\ISE_DS\PlanAhead\lib\win64.o\librdi_ip.dll
0x0000000011ee0000 - 0x0000000011f1d000 	C:\Xilinx\14.6\ISE_DS\PlanAhead\lib\win64.o\librdi_simbridge_kernel.dll
0x0000000014f10000 - 0x0000000015386000 	C:\Xilinx\14.6\ISE_DS\PlanAhead\lib\win64.o\librdi_wavedata.dll
0x0000000016590000 - 0x0000000018648000 	C:\Xilinx\14.6\ISE_DS\PlanAhead\lib\win64.o\librdi_tcltasks.dll
0x0000000018650000 - 0x00000000188c4000 	C:\Xilinx\14.6\ISE_DS\PlanAhead\lib\win64.o\librdi_bitstream.dll
0x00000000188d0000 - 0x00000000189a4000 	C:\Xilinx\14.6\ISE_DS\PlanAhead\lib\win64.o\librdi_dsp.dll
0x0000000011f40000 - 0x0000000011fae000 	C:\Xilinx\14.6\ISE_DS\PlanAhead\lib\win64.o\librdi_edk.dll
0x00000000189b0000 - 0x0000000018bbe000 	C:\Xilinx\14.6\ISE_DS\PlanAhead\lib\win64.o\librdi_simdata.dll
0x0000000018ec0000 - 0x0000000019016000 	C:\Xilinx\14.6\ISE_DS\PlanAhead\lib\win64.o\librdi_planaheadtasks.dll
0x0000000019020000 - 0x0000000019e68000 	C:\Xilinx\14.6\ISE_DS\PlanAhead\lib\win64.o\librdi_ipservicestasks.dll
0x000000006c5f0000 - 0x000000006c5ff000 	C:\Xilinx\14.6\ISE_DS\PlanAhead\tps\win64\jre\bin\verify.dll
0x000000006c5c0000 - 0x000000006c5e8000 	C:\Xilinx\14.6\ISE_DS\PlanAhead\tps\win64\jre\bin\java.dll
0x000000006c5a0000 - 0x000000006c5b5000 	C:\Xilinx\14.6\ISE_DS\PlanAhead\tps\win64\jre\bin\zip.dll
0x000000006c580000 - 0x000000006c599000 	C:\Xilinx\14.6\ISE_DS\PlanAhead\tps\win64\jre\bin\net.dll
0x000007fed2980000 - 0x000007fed29dc000 	C:\Windows\system32\mswsock.dll
0x000000006c560000 - 0x000000006c571000 	C:\Xilinx\14.6\ISE_DS\PlanAhead\tps\win64\jre\bin\nio.dll
0x0000000028060000 - 0x0000000028346000 	C:\Xilinx\14.6\ISE_DS\PlanAhead\lib\win64.o\librdi_fed.dll
0x0000000028360000 - 0x00000000285c1000 	C:\Xilinx\14.6\ISE_DS\PlanAhead\lib\win64.o\librdi_guitools.dll
0x00000000285e0000 - 0x00000000285e7000 	C:\Xilinx\14.6\ISE_DS\PlanAhead\lib\win64.o\librdi_commonx11.dll
0x0000000028600000 - 0x00000000289ee000 	C:\Xilinx\14.6\ISE_DS\PlanAhead\lib\win64.o\librdi_rsbtasks.dll
0x0000000028b00000 - 0x0000000028d49000 	C:\Xilinx\14.6\ISE_DS\PlanAhead\lib\win64.o\librdi_labtoolstasks.dll
0x0000000028d60000 - 0x0000000028f18000 	C:\Xilinx\14.6\ISE_DS\PlanAhead\lib\win64.o\librdi_simtcltasks.dll
0x000000006b2a0000 - 0x000000006b433000 	C:\Xilinx\14.6\ISE_DS\PlanAhead\tps\win64\jre\bin\awt.dll
0x000007fed5ad0000 - 0x000007fed5b93000 	C:\Windows\system32\OLEAUT32.dll
0x000007fecd0a0000 - 0x000007fecd13f000 	C:\Windows\system32\apphelp.dll
0x000007fed1fc0000 - 0x000007fed20a6000 	C:\Windows\system32\uxtheme.dll
0x000007fed0bf0000 - 0x000007fed0c11000 	C:\Windows\SYSTEM32\dwmapi.dll
0x000007fed2f70000 - 0x000007fed2f7a000 	C:\Windows\SYSTEM32\CRYPTBASE.dll
0x000007fed2f10000 - 0x000007fed2f6c000 	C:\Windows\SYSTEM32\bcryptPrimitives.dll
0x000007fed29e0000 - 0x000007fed29fa000 	C:\Windows\SYSTEM32\CRYPTSP.dll
0x000007fed2660000 - 0x000007fed26ab000 	C:\Windows\system32\rsaenh.dll

VM Arguments:
jvm_args: -Dsun.java2d.pmoffscreen=false -Xverify:none -Dswing.aatext=true -XX:-UsePerfData -Djdk.map.althashing.threshold=512 -XX:PermSize=128m -XX:MaxPermSize=128m -XX:NewSize=60m -XX:MaxNewSize=60m -XX:+UseConcMarkSweepGC -XX:+UseParNewGC -XX:+CMSParallelRemarkEnabled -XX:+CMSScavengeBeforeRemark -XX:+UseNUMA -XX:+AggressiveOpts -XX:+UseFastAccessorMethods -XX:+UseFastEmptyMethods -XX:+UseBiasedLocking -XX:+TieredCompilation -Xms128m -Xmx2048m -Xss3m 
java_command: <unknown>
Launcher Type: generic

Environment Variables:
USERNAME=OsamuKT
OS=Windows_NT
PROCESSOR_IDENTIFIER=Intel64 Family 6 Model 58 Stepping 9, GenuineIntel



---------------  S Y S T E M  ---------------

OS: Windows 8 , 64 bit Build 9200 

CPU:total 8 (4 cores per cpu, 2 threads per core) family 6 model 58 stepping 9, cmov, cx8, fxsr, mmx, sse, sse2, sse3, ssse3, sse4.1, sse4.2, popcnt, avx, ht, tsc, tscinvbit, tscinv

Memory: 4k page, physical 8240912k(3969476k free), swap 16629520k(10597544k free)

vm_info: Java HotSpot(TM) 64-Bit Server VM (23.7-b01) for windows-amd64 JRE (1.7.0_17-b02), built on Mar  1 2013 03:38:30 by "java_re" with unknown MS VC++:1600

time: Sat Nov 23 16:10:35 2013
elapsed time: 13 seconds

