--------------------------------------------------------------------------------
Release 14.6 Trace  (nt64)
Copyright (c) 1995-2013 Xilinx, Inc.  All rights reserved.

C:\Xilinx\14.6\ISE_DS\ISE\bin\nt64\unwrapped\trce.exe -intstyle ise -v 3 -s 3
-n 3 -fastpaths -xml Top.twx Top.ncd -o Top.twr Top.pcf -ucf Top.ucf

Design file:              Top.ncd
Physical constraint file: Top.pcf
Device,package,speed:     xc6slx16,csg324,C,-3 (PRODUCTION 1.23 2013-06-08)
Report level:             verbose report

Environment Variable      Effect 
--------------------      ------ 
NONE                      No environment variables were set
--------------------------------------------------------------------------------

INFO:Timing:2698 - No timing constraints found, doing default enumeration.
INFO:Timing:3412 - To improve timing, see the Timing Closure User Guide (UG612).
INFO:Timing:2752 - To get complete path coverage, use the unconstrained paths 
   option. All paths that are not constrained will be reported in the 
   unconstrained paths section(s) of the report.
INFO:Timing:3339 - The clock-to-out numbers in this timing report are based on 
   a 50 Ohm transmission line loading model.  For the details of this model, 
   and for more information on accounting for different loading conditions, 
   please see the device datasheet.



Data Sheet report:
-----------------
All values displayed in nanoseconds (ns)

Setup/Hold to clock Clk100MHz
------------+------------+------------+------------+------------+------------------+--------+
            |Max Setup to|  Process   |Max Hold to |  Process   |                  | Clock  |
Source      | clk (edge) |   Corner   | clk (edge) |   Corner   |Internal Clock(s) | Phase  |
------------+------------+------------+------------+------------+------------------+--------+
Load        |    1.041(R)|      SLOW  |   -0.005(R)|      SLOW  |Clk100MHz_BUFGP   |   0.000|
Rst         |    4.205(R)|      SLOW  |   -0.683(R)|      SLOW  |Clk100MHz_BUFGP   |   0.000|
------------+------------+------------+------------+------------+------------------+--------+

Clock Clk100MHz to Pad
------------+-----------------+------------+-----------------+------------+------------------+--------+
            |Max (slowest) clk|  Process   |Min (fastest) clk|  Process   |                  | Clock  |
Destination |  (edge) to PAD  |   Corner   |  (edge) to PAD  |   Corner   |Internal Clock(s) | Phase  |
------------+-----------------+------------+-----------------+------------+------------------+--------+
Disp<0>     |         8.663(R)|      SLOW  |         4.553(R)|      FAST  |Clk100MHz_BUFGP   |   0.000|
Disp<1>     |         8.508(R)|      SLOW  |         4.469(R)|      FAST  |Clk100MHz_BUFGP   |   0.000|
Disp<2>     |         8.432(R)|      SLOW  |         4.340(R)|      FAST  |Clk100MHz_BUFGP   |   0.000|
Disp<3>     |         8.753(R)|      SLOW  |         4.559(R)|      FAST  |Clk100MHz_BUFGP   |   0.000|
OutMotor1<0>|         7.903(R)|      SLOW  |         4.233(R)|      FAST  |Clk100MHz_BUFGP   |   0.000|
OutMotor1<1>|         7.958(R)|      SLOW  |         4.234(R)|      FAST  |Clk100MHz_BUFGP   |   0.000|
OutMotor1<2>|         7.911(R)|      SLOW  |         4.216(R)|      FAST  |Clk100MHz_BUFGP   |   0.000|
OutMotor1<3>|         8.068(R)|      SLOW  |         4.322(R)|      FAST  |Clk100MHz_BUFGP   |   0.000|
OutMotor2<0>|        17.336(R)|      SLOW  |         7.154(R)|      FAST  |Clk100MHz_BUFGP   |   0.000|
OutMotor2<1>|        17.216(R)|      SLOW  |         7.086(R)|      FAST  |Clk100MHz_BUFGP   |   0.000|
OutMotor2<2>|        17.175(R)|      SLOW  |         7.057(R)|      FAST  |Clk100MHz_BUFGP   |   0.000|
OutMotor2<3>|        17.009(R)|      SLOW  |         6.955(R)|      FAST  |Clk100MHz_BUFGP   |   0.000|
OutMotor3<0>|        17.268(R)|      SLOW  |         7.104(R)|      FAST  |Clk100MHz_BUFGP   |   0.000|
OutMotor3<1>|        17.107(R)|      SLOW  |         7.007(R)|      FAST  |Clk100MHz_BUFGP   |   0.000|
OutMotor3<2>|        17.083(R)|      SLOW  |         7.006(R)|      FAST  |Clk100MHz_BUFGP   |   0.000|
OutMotor3<3>|        17.458(R)|      SLOW  |         7.253(R)|      FAST  |Clk100MHz_BUFGP   |   0.000|
Output      |        10.123(R)|      SLOW  |         5.476(R)|      FAST  |Clk100MHz_BUFGP   |   0.000|
Output2     |         9.879(R)|      SLOW  |         5.347(R)|      FAST  |Clk100MHz_BUFGP   |   0.000|
Seg<0>      |         9.650(R)|      SLOW  |         4.622(R)|      FAST  |Clk100MHz_BUFGP   |   0.000|
Seg<1>      |         9.732(R)|      SLOW  |         4.489(R)|      FAST  |Clk100MHz_BUFGP   |   0.000|
Seg<2>      |        10.238(R)|      SLOW  |         4.791(R)|      FAST  |Clk100MHz_BUFGP   |   0.000|
Seg<3>      |         9.972(R)|      SLOW  |         4.801(R)|      FAST  |Clk100MHz_BUFGP   |   0.000|
Seg<4>      |        10.037(R)|      SLOW  |         4.585(R)|      FAST  |Clk100MHz_BUFGP   |   0.000|
Seg<5>      |        10.032(R)|      SLOW  |         4.641(R)|      FAST  |Clk100MHz_BUFGP   |   0.000|
Seg<6>      |        10.290(R)|      SLOW  |         4.718(R)|      FAST  |Clk100MHz_BUFGP   |   0.000|
------------+-----------------+------------+-----------------+------------+------------------+--------+

Clock to Setup on destination clock Clk100MHz
---------------+---------+---------+---------+---------+
               | Src:Rise| Src:Fall| Src:Rise| Src:Fall|
Source Clock   |Dest:Rise|Dest:Rise|Dest:Fall|Dest:Fall|
---------------+---------+---------+---------+---------+
Clk100MHz      |    4.249|         |         |         |
---------------+---------+---------+---------+---------+


Analysis completed Wed Dec 04 19:57:33 2013 
--------------------------------------------------------------------------------

Trace Settings:
-------------------------
Trace Settings 

Peak Memory Usage: 228 MB



